2 1 106 108
2 0 0
2 1 3 149 147
2 4 120 130
2 5 67 66
2 5 6 150 151
2 5 7 200 222
2 5 8 182 205
2 5 7 9 223 243
2 5 7 10 310 306
2 5 7 9 11 372 445
2 5 7 9 12 301 339
2 5 7 9 12 13 340 386
2 1 3 14 457 441
2 1 3 15 344 342
2 4 16 332 325
2 4 17 274 273
2 5 6 18 308 308
2 5 8 19 250 279
2 5 8 19 20 356 388
2 5 8 19 21 316 350
2 5 8 19 20 22 449 467
2 5 6 18 23 344 340
2 4 16 24 459 439
2 5 8 19 21 27 26 25 505 541
2 5 8 19 21 27 26 430 479
2 5 8 19 21 27 365 399
2 5 8 19 20 28 467 477
2 5 8 19 21 27 26 29 493 548
2 4 16 30 453 441
2 4 16 31 448 435
2 1 3 15 32 489 485
2 1 3 14 33 524 503
2 1 3 15 32 34 610 605
2 4 16 30 35 508 511
2 4 16 30 36 635 664
2 5 8 19 21 27 26 29 37 553 601
2 5 8 19 21 27 26 25 38 612 655
2 5 8 19 21 27 26 29 37 39 649 712
2 4 16 30 35 40 646 665
2 4 16 30 35 41 645 663
